Android/app/build/outputs/logs/manifest-merger-debug-report.txt
-- Merging decision tree log ---
manifest
ADDED from src/main/AndroidManifest.xml:3:1-30:12
INJECTED from src/main/AndroidManifest.xml:3:1-30:12
INJECTED from src/main/AndroidManifest.xml:3:1-30:12
INJECTED from src/main/AndroidManifest.xml:3:1-30:12
INJECTED from src/main/AndroidManifest.xml:3:1-30:12
INJECTED from src/main/AndroidManifest.xml:3:1-30:12
INJECTED from src/main/AndroidManifest.xml:3:1-30:12
	package
		ADDED from src/main/AndroidManifest.xml:4:9-51
		INJECTED from src/main/AndroidManifest.xml
		INJECTED from src/main/AndroidManifest.xml
	android:versionName
		INJECTED from src/main/AndroidManifest.xml
		ADDED from src/main/AndroidManifest.xml:3:1-30:12
		INJECTED from src/main/AndroidManifest.xml
	android:versionCode
		INJECTED from src/main/AndroidManifest.xml
		ADDED from src/main/AndroidManifest.xml:3:1-30:12
		INJECTED from src/main/AndroidManifest.xml
	xmlns:android
		ADDED from src/main/AndroidManifest.xml:3:11-69
uses-sdk
ADDED from src/main/AndroidManifest.xml:7:5-17
INJECTED from src/main/AndroidManifest.xml:7:5-17
INJECTED from src/main/AndroidManifest.xml:7:5-17
INJECTED from src/main/AndroidManifest.xml:7:5-17
INJECTED from src/main/AndroidManifest.xml:7:5-17
	android:targetSdkVersion
		INJECTED from src/main/AndroidManifest.xml
		ADDED from src/main/AndroidManifest.xml:7:5-17
		INJECTED from src/main/AndroidManifest.xml
	android:minSdkVersion
		INJECTED from src/main/AndroidManifest.xml
		ADDED from src/main/AndroidManifest.xml:7:5-17
		INJECTED from src/main/AndroidManifest.xml
uses-permission#android.permission.SET_DEBUG_APP
ADDED from src/main/AndroidManifest.xml:9:5-71
	android:name
		ADDED from src/main/AndroidManifest.xml:9:22-69
application
ADDED from src/main/AndroidManifest.xml:12:5-28:19
	android:label
		ADDED from src/main/AndroidManifest.xml:12:18-50
	android:hasCode
		ADDED from src/main/AndroidManifest.xml:13:1-24
	android:theme
		ADDED from src/main/AndroidManifest.xml:13:25-83
activity#android.app.NativeActivity
ADDED from src/main/AndroidManifest.xml:17:9-27:20
	android:label
		ADDED from src/main/AndroidManifest.xml:18:17-49
	android:configChanges
		ADDED from src/main/AndroidManifest.xml:19:17-67
	android:name
		ADDED from src/main/AndroidManifest.xml:17:19-60
meta-data#android.app.lib_name
ADDED from src/main/AndroidManifest.xml:21:13-22:46
	android:value
		ADDED from src/main/AndroidManifest.xml:22:21-43
	android:name
		ADDED from src/main/AndroidManifest.xml:21:24-59
intent-filter#action:name:android.intent.action.MAIN+category:name:android.intent.category.LAUNCHER
ADDED from src/main/AndroidManifest.xml:23:13-26:29
action#android.intent.action.MAIN
ADDED from src/main/AndroidManifest.xml:24:17-69
	android:name
		ADDED from src/main/AndroidManifest.xml:24:25-66
category#android.intent.category.LAUNCHER
ADDED from src/main/AndroidManifest.xml:25:17-77
	android:name
		ADDED from src/main/AndroidManifest.xml:25:27-74